<?xml version="1.0" encoding="UTF-8"?>
<testng-results ignored="0" total="1" passed="1" failed="0" skipped="0">
  <reporter-output>
  </reporter-output>
  <suite started-at="2021-09-11T14:47:24 IST" name="Default suite" finished-at="2021-09-11T14:47:33 IST" duration-ms="8527">
    <groups>
    </groups>
    <test started-at="2021-09-11T14:47:24 IST" name="Default test" finished-at="2021-09-11T14:47:33 IST" duration-ms="8527">
      <class name="EndToEnd.PlaceIdVerify">
        <test-method signature="endtend()[pri:0, instance:EndToEnd.PlaceIdVerify@3d1cfad4]" started-at="2021-09-11T14:47:24 IST" name="endtend" finished-at="2021-09-11T14:47:33 IST" duration-ms="8471" status="PASS">
          <reporter-output>
          </reporter-output>
        </test-method> <!-- endtend -->
      </class> <!-- EndToEnd.PlaceIdVerify -->
    </test> <!-- Default test -->
  </suite> <!-- Default suite -->
</testng-results>
