<?xml version="1.0" encoding="UTF-8"?>
<testng-results ignored="0" total="1" passed="1" failed="0" skipped="0">
  <reporter-output>
  </reporter-output>
  <suite started-at="2021-10-02T19:32:06 IST" name="Default suite" finished-at="2021-10-02T19:32:13 IST" duration-ms="6785">
    <groups>
    </groups>
    <test started-at="2021-10-02T19:32:06 IST" name="Default test" finished-at="2021-10-02T19:32:13 IST" duration-ms="6785">
      <class name="Examples.PostSample">
        <test-method signature="postreq()[pri:0, instance:Examples.PostSample@5acf93bb]" started-at="2021-10-02T19:32:06 IST" name="postreq" finished-at="2021-10-02T19:32:13 IST" duration-ms="6720" status="PASS">
          <reporter-output>
          </reporter-output>
        </test-method> <!-- postreq -->
      </class> <!-- Examples.PostSample -->
    </test> <!-- Default test -->
  </suite> <!-- Default suite -->
</testng-results>
