<?xml version="1.0" encoding="UTF-8"?>
<!-- Generated by org.testng.reporters.JUnitXMLReporter -->
<testsuite ignored="0" hostname="PNQ1-LP8C5SX33" failures="1" tests="3" name="Test" time="0.198" errors="0" timestamp="2021-11-04T11:25:06 IST">
  <testcase classname="TestNG_Listners.Listener_Implementation" name="test1" time="0.027"/>
  <testcase classname="TestNG_Listners.Listener_Implementation" name="test2" time="0.013">
    <failure type="java.lang.AssertionError" message="expected [true] but found [false]">
      <![CDATA[java.lang.AssertionError: expected [true] but found [false]
at TestNG_Listners.Listener_Implementation.test2(Listener_Implementation.java:21)
at java.base/java.util.ArrayList.forEach(ArrayList.java:1511)
... Removed 31 stack frames]]>
    </failure>
  </testcase> <!-- test2 -->
  <testcase classname="TestNG_Listners.Listener_Implementation" name="test3" time="0.004">
    <skipped/>
  </testcase> <!-- test3 -->
</testsuite> <!-- Test -->
